<?xml version="1.0" encoding="UTF-8"?>
<!-- Generated by org.testng.reporters.JUnitXMLReporter -->
<testsuite ignored="9" hostname="Dell-PC" failures="0" tests="16" name="Test" time="375.131" errors="0" timestamp="29 Aug 2019 03:22:14 GMT">
  <testcase classname="writings.Usinglogin" name="L" time="42.88"/>
  <testcase classname="writings.Forgetlogininfo" name="A" time="44.618"/>
  <testcase classname="writings.TryTestng" name="trypage" time="75.692"/>
  <testcase classname="writings.Home" name="aboutus" time="48.895"/>
  <testcase classname="writings.ProductTestng" name="trypara" time="33.856"/>
  <testcase classname="writings.Home" name="services" time="28.9"/>
  <testcase classname="writings.ProductTestng" name="customerportal" time="42.231"/>
  <testcase classname="writings.Home" name="locations" time="15.937"/>
  <testcase classname="writings.ProductTestng" name="forum" time="39.84"/>
  <testcase classname="writings.Home" name="adminpage" time="24.397"/>
  <testcase classname="writings.ProductTestng" name="market" time="38.886"/>
  <testcase classname="writings.ProductTestng" name="blog" time="23.055"/>
  <testcase classname="writings.ProductTestng" name="support" time="11.54"/>
  <testcase classname="writings.ProductTestng" name="contact" time="8.005"/>
  <testcase classname="writings.ProductTestng" name="lang" time="20.662"/>
  <testcase classname="writings.ProductTestng" name="search" time="12.702"/>
  <testcase classname="writings.Usingaccounts" name="trans" time="0.0">
    <ignored/>
  </testcase> <!-- trans -->
  <testcase classname="writings.Usingaccounts" name="out" time="0.0">
    <ignored/>
  </testcase> <!-- out -->
  <testcase classname="writings.Usingaccounts" name="A" time="0.0">
    <ignored/>
  </testcase> <!-- A -->
  <testcase classname="writings.Usingaccounts" name="contact" time="0.0">
    <ignored/>
  </testcase> <!-- contact -->
  <testcase classname="writings.Register1" name="R" time="0.0">
    <ignored/>
  </testcase> <!-- R -->
  <testcase classname="writings.Usingaccounts" name="f" time="0.0">
    <ignored/>
  </testcase> <!-- f -->
  <testcase classname="writings.Usingaccounts" name="apply" time="0.0">
    <ignored/>
  </testcase> <!-- apply -->
  <testcase classname="writings.Usingaccounts" name="P" time="0.0">
    <ignored/>
  </testcase> <!-- P -->
  <testcase classname="writings.Usingaccounts" name="accoverview" time="0.0">
    <ignored/>
  </testcase> <!-- accoverview -->
</testsuite> <!-- Test -->
